<?xml version="1.0" encoding="UTF-8"?>
<!-- Generated by org.testng.reporters.JUnitReportReporter -->
<testsuite hostname="guile-imac.htctaipei.htc.com.tw" name="Module1Test" tests="3" failures="0" timestamp="13 Mar 2012 01:22:34 GMT" time="0.007" errors="0">
  <testcase name="testMethod2" time="0.000" classname="Module1Test"/>
  <testcase name="testMethod3" time="0.000" classname="Module1Test"/>
  <testcase name="testMethod1" time="0.007" classname="Module1Test"/>
</testsuite> <!-- Module1Test -->
